<?xml version="1.0" encoding="UTF-8"?>
<testng-results total="1" passed="1" failed="0" skipped="0">
  <reporter-output>
  </reporter-output>
  <suite started-at="2024-09-14T17:18:25Z" name="Test Suite for Buildout" finished-at="2024-09-14T17:18:41Z" duration-ms="15764">
    <groups>
    </groups>
    <test started-at="2024-09-14T17:18:25Z" name="Test Cases for Buildout" finished-at="2024-09-14T17:18:41Z" duration-ms="15764">
      <class name="demo.TestCases">
        <test-method is-config="true" signature="startBrowser()[pri:0, instance:demo.TestCases@aafcffa]" started-at="2024-09-14T22:48:25Z" name="startBrowser" finished-at="2024-09-14T22:48:28Z" duration-ms="2285" status="PASS">
          <reporter-output>
          </reporter-output>
        </test-method> <!-- startBrowser -->
        <test-method signature="testCase01()[pri:0, instance:demo.TestCases@aafcffa]" started-at="2024-09-14T22:48:28Z" name="testCase01" finished-at="2024-09-14T22:48:40Z" duration-ms="12674" status="PASS">
          <reporter-output>
          </reporter-output>
        </test-method> <!-- testCase01 -->
        <test-method is-config="true" signature="endTest()[pri:0, instance:demo.TestCases@aafcffa]" started-at="2024-09-14T22:48:40Z" name="endTest" finished-at="2024-09-14T22:48:41Z" duration-ms="792" status="PASS">
          <reporter-output>
          </reporter-output>
        </test-method> <!-- endTest -->
      </class> <!-- demo.TestCases -->
    </test> <!-- Test Cases for Buildout -->
  </suite> <!-- Test Suite for Buildout -->
</testng-results>
